<?xml version="1.0" encoding="UTF-8"?>
<testng-results ignored="0" total="2" passed="2" failed="0" skipped="0">
  <reporter-output>
  </reporter-output>
  <suite started-at="2020-02-16T13:47:23 IST" name="Default suite" finished-at="2020-02-16T13:48:00 IST" duration-ms="37370">
    <groups>
    </groups>
    <test started-at="2020-02-16T13:47:23 IST" name="Default test" finished-at="2020-02-16T13:48:00 IST" duration-ms="37370">
      <class name="test.practice.ExtentDemo">
        <test-method is-config="true" signature="startTest()[pri:0, instance:test.practice.ExtentDemo@66f57048]" started-at="2020-02-16T13:47:23 IST" name="startTest" finished-at="2020-02-16T13:47:23 IST" duration-ms="317" status="PASS">
          <reporter-output>
          </reporter-output>
        </test-method> <!-- startTest -->
        <test-method signature="extentReportsDemo()[pri:0, instance:test.practice.ExtentDemo@66f57048]" started-at="2020-02-16T13:47:23 IST" name="extentReportsDemo" finished-at="2020-02-16T13:47:38 IST" duration-ms="15033" status="PASS">
          <reporter-output>
          </reporter-output>
        </test-method> <!-- extentReportsDemo -->
        <test-method signature="sample()[pri:0, instance:test.practice.ExtentDemo@66f57048]" started-at="2020-02-16T13:47:38 IST" name="sample" finished-at="2020-02-16T13:47:52 IST" duration-ms="14055" status="PASS">
          <reporter-output>
          </reporter-output>
        </test-method> <!-- sample -->
        <test-method is-config="true" signature="closeBrowser()[pri:0, instance:test.practice.ExtentDemo@66f57048]" started-at="2020-02-16T13:47:52 IST" name="closeBrowser" finished-at="2020-02-16T13:47:54 IST" duration-ms="1529" status="PASS">
          <reporter-output>
          </reporter-output>
        </test-method> <!-- closeBrowser -->
        <test-method is-config="true" signature="endTest()[pri:0, instance:test.practice.ExtentDemo@66f57048]" started-at="2020-02-16T13:47:54 IST" name="endTest" finished-at="2020-02-16T13:48:00 IST" duration-ms="6331" status="PASS">
          <reporter-output>
          </reporter-output>
        </test-method> <!-- endTest -->
      </class> <!-- test.practice.ExtentDemo -->
    </test> <!-- Default test -->
  </suite> <!-- Default suite -->
</testng-results>
