<?xml version="1.0" encoding="UTF-8"?>
<testng-results ignored="0" total="2" passed="2" failed="0" skipped="0">
  <reporter-output>
  </reporter-output>
  <suite started-at="2020-02-15T13:05:01 IST" name="Suite" finished-at="2020-02-15T13:06:27 IST" duration-ms="85736">
    <groups>
    </groups>
    <test started-at="2020-02-15T13:05:01 IST" name="Test" finished-at="2020-02-15T13:06:27 IST" duration-ms="85736">
      <class name="test.practice.ExtentDemo">
        <test-method is-config="true" signature="startTest()[pri:0, instance:test.practice.ExtentDemo@59309333]" started-at="2020-02-15T13:05:01 IST" name="startTest" finished-at="2020-02-15T13:05:02 IST" duration-ms="1193" status="PASS">
          <reporter-output>
          </reporter-output>
        </test-method> <!-- startTest -->
        <test-method signature="extentReportsDemo()[pri:0, instance:test.practice.ExtentDemo@59309333]" started-at="2020-02-15T13:05:02 IST" name="extentReportsDemo" finished-at="2020-02-15T13:05:28 IST" duration-ms="25770" status="PASS">
          <reporter-output>
          </reporter-output>
        </test-method> <!-- extentReportsDemo -->
        <test-method signature="sample()[pri:0, instance:test.practice.ExtentDemo@59309333]" started-at="2020-02-15T13:05:28 IST" name="sample" finished-at="2020-02-15T13:06:21 IST" duration-ms="52910" status="PASS">
          <reporter-output>
          </reporter-output>
        </test-method> <!-- sample -->
        <test-method is-config="true" signature="closeBrowser()[pri:0, instance:test.practice.ExtentDemo@59309333]" started-at="2020-02-15T13:06:21 IST" name="closeBrowser" finished-at="2020-02-15T13:06:23 IST" duration-ms="1830" status="PASS">
          <reporter-output>
          </reporter-output>
        </test-method> <!-- closeBrowser -->
        <test-method is-config="true" signature="endTest()[pri:0, instance:test.practice.ExtentDemo@59309333]" started-at="2020-02-15T13:06:23 IST" name="endTest" finished-at="2020-02-15T13:06:27 IST" duration-ms="3786" status="PASS">
          <reporter-output>
          </reporter-output>
        </test-method> <!-- endTest -->
      </class> <!-- test.practice.ExtentDemo -->
    </test> <!-- Test -->
  </suite> <!-- Suite -->
</testng-results>
